2026-01-24T16:24:35.0685171+01:00 | INFO  | Script started
2026-01-24T16:24:35.0735190+01:00 | INFO  | Action: Status
2026-01-24T16:24:35.0755264+01:00 | INFO  | Dry run: True
2026-01-24T16:24:35.0765301+01:00 | INFO  | Rule name: Proaktiv External Signature
2026-01-24T16:24:35.0785300+01:00 | INFO  | Organization: proaktiv.onmicrosoft.com
2026-01-24T16:24:35.0795303+01:00 | WARN  | No action specified; running status-only read-only mode
2026-01-24T16:24:35.0805302+01:00 | INFO  | Connecting to Exchange Online (device code flow)...
2026-01-24T16:24:35.1222877+01:00 | ERROR | Fatal error: A parameter cannot be found that matches parameter name 'Device'.
2026-01-24T16:24:35.1258637+01:00 | ERROR | Stack trace: at Invoke-Main, C:\Users\Adrian\Documents\Proaktiv-Dokument-Hub\backend\scripts\Set-TransportRuleSignature.ps1: line 163
at <ScriptBlock>, C:\Users\Adrian\Documents\Proaktiv-Dokument-Hub\backend\scripts\Set-TransportRuleSignature.ps1: line 250
at <ScriptBlock>, C:\Users\Adrian\AppData\Local\Temp\ps-script-42f0d562-7dbf-440a-bda0-b83818a48140.ps1: line 86
2026-01-24T16:25:45.5097967+01:00 | INFO  | Script started
2026-01-24T16:25:45.5150680+01:00 | INFO  | Action: Status
2026-01-24T16:25:45.5170713+01:00 | INFO  | Dry run: True
2026-01-24T16:25:45.5180680+01:00 | INFO  | Rule name: Proaktiv External Signature
2026-01-24T16:25:45.5190678+01:00 | INFO  | Organization: proaktiv.onmicrosoft.com
2026-01-24T16:25:45.5205712+01:00 | WARN  | No action specified; running status-only read-only mode
2026-01-24T16:25:45.5594365+01:00 | INFO  | Connecting to Exchange Online (interactive login)...
2026-01-24T16:25:46.0537681+01:00 | ERROR | Fatal error: A window handle must be configured. See https://aka.ms/msal-net-wam#parent-window-handles
2026-01-24T16:25:46.0559055+01:00 | ERROR | Stack trace: at Connect-ExchangeOnline<Process>, C:\Users\Adrian\Documents\WindowsPowerShell\Modules\ExchangeOnlineManagement\3.9.2\netFramework\ExchangeOnlineManagement.psm1: line 591
at Invoke-Main, C:\Users\Adrian\Documents\Proaktiv-Dokument-Hub\backend\scripts\Set-TransportRuleSignature.ps1: line 183
at <ScriptBlock>, C:\Users\Adrian\Documents\Proaktiv-Dokument-Hub\backend\scripts\Set-TransportRuleSignature.ps1: line 270
at <ScriptBlock>, C:\Users\Adrian\AppData\Local\Temp\ps-script-29426d0d-19f2-46bb-a501-8e2e7db07889.ps1: line 85
2026-01-24T16:26:41.7046878+01:00 | INFO  | Script started
2026-01-24T16:26:41.7097022+01:00 | INFO  | Action: Status
2026-01-24T16:26:41.7117021+01:00 | INFO  | Dry run: True
2026-01-24T16:26:41.7127634+01:00 | INFO  | Rule name: Proaktiv External Signature
2026-01-24T16:26:41.7137634+01:00 | INFO  | Organization: proaktiv.onmicrosoft.com
2026-01-24T16:26:41.7157632+01:00 | WARN  | No action specified; running status-only read-only mode
2026-01-24T16:26:41.7524519+01:00 | INFO  | Connecting to Exchange Online (interactive login)...
2026-01-24T16:26:58.1788422+01:00 | INFO  | Exchange Online connected
2026-01-24T16:26:58.9449091+01:00 | ERROR | Fatal error: Failed to query transport rule 'Proaktiv External Signature': The term 'Get-TransportRule' is not recognized as the name of a cmdlet, function, script file, or operable program. Check the spelling of the name, or if a path was included, verify that the path is correct and try again.
2026-01-24T16:26:58.9469099+01:00 | ERROR | Stack trace: at Get-ExistingRule, C:\Users\Adrian\Documents\Proaktiv-Dokument-Hub\backend\scripts\Set-TransportRuleSignature.ps1: line 125
at Invoke-Main, C:\Users\Adrian\Documents\Proaktiv-Dokument-Hub\backend\scripts\Set-TransportRuleSignature.ps1: line 191
at <ScriptBlock>, C:\Users\Adrian\Documents\Proaktiv-Dokument-Hub\backend\scripts\Set-TransportRuleSignature.ps1: line 275
at <ScriptBlock>, C:\Users\Adrian\AppData\Local\Temp\ps-script-5b0dbc6b-edd7-41fa-8a7a-57268078bfb7.ps1: line 86
2026-01-24T16:30:56.6128569+01:00 | INFO  | Script started
2026-01-24T16:30:56.6178773+01:00 | INFO  | Action: Status
2026-01-24T16:30:56.6198682+01:00 | INFO  | Dry run: True
2026-01-24T16:30:56.6210611+01:00 | INFO  | Rule name: Proaktiv External Signature
2026-01-24T16:30:56.6225635+01:00 | INFO  | Organization: proaktiv.onmicrosoft.com
2026-01-24T16:30:56.6235674+01:00 | WARN  | No action specified; running status-only read-only mode
2026-01-24T16:30:56.6614324+01:00 | INFO  | Connecting to Exchange Online (interactive login)...
2026-01-24T16:30:56.6705113+01:00 | ERROR | Fatal error: A parameter cannot be found that matches parameter name 'UseRPSSession'.
2026-01-24T16:30:56.6715113+01:00 | ERROR | Stack trace: at Invoke-Main, C:\Users\Adrian\Documents\Proaktiv-Dokument-Hub\backend\scripts\Set-TransportRuleSignature.ps1: line 192
at <ScriptBlock>, C:\Users\Adrian\Documents\Proaktiv-Dokument-Hub\backend\scripts\Set-TransportRuleSignature.ps1: line 286
at <ScriptBlock>, C:\Users\Adrian\AppData\Local\Temp\ps-script-d8e3b0c3-bd37-4465-9409-5dc816482eec.ps1: line 86
2026-01-24T16:34:16.3866779+01:00 | INFO  | Script started
2026-01-24T16:34:16.3949721+01:00 | INFO  | Action: Status
2026-01-24T16:34:16.4158565+01:00 | INFO  | Dry run: True
2026-01-24T16:34:16.4378792+01:00 | INFO  | Rule name: Proaktiv External Signature
2026-01-24T16:34:16.4522377+01:00 | INFO  | Organization: proaktiv.onmicrosoft.com
2026-01-24T16:34:16.4667071+01:00 | WARN  | No action specified; running status-only read-only mode
2026-01-24T16:34:16.5082045+01:00 | INFO  | Connecting to Exchange Online (device code flow)...
2026-01-24T16:35:54.3994279+01:00 | ERROR | Fatal error: Processing data from remote server outlook.office365.com failed with the following error message: The WinRM Shell client cannot process the request. The shell handle passed to the WSMan Shell function is not valid. The shell handle is valid only when WSManCreateShell function completes successfully. Change the request including a valid shell handle and try again. For more information, see the about_Remote_Troubleshooting Help topic.
2026-01-24T16:35:54.4231655+01:00 | ERROR | Stack trace: at Connect-ExchangeOnline<Process>, C:\Users\Adrian\Documents\WindowsPowerShell\Modules\ExchangeOnlineManagement\2.0.5\netCore\ExchangeOnlineManagement.psm1: line 475
at Invoke-Main, C:\Users\Adrian\Documents\Proaktiv-Dokument-Hub\backend\scripts\Set-TransportRuleSignature.ps1: line 192
at <ScriptBlock>, C:\Users\Adrian\Documents\Proaktiv-Dokument-Hub\backend\scripts\Set-TransportRuleSignature.ps1: line 286
at <ScriptBlock>, <No file>: line 1
2026-01-24T16:46:30.2648679+01:00 | INFO  | Script started
2026-01-24T16:46:30.2725428+01:00 | INFO  | Action: Status
2026-01-24T16:46:30.2913914+01:00 | INFO  | Dry run: True
2026-01-24T16:46:30.3146281+01:00 | INFO  | Rule name: Proaktiv Signature POC Test
2026-01-24T16:46:30.3305190+01:00 | INFO  | Organization: proaktiv.onmicrosoft.com
2026-01-24T16:46:30.3486971+01:00 | WARN  | No action specified; running status-only read-only mode
2026-01-24T16:46:30.3936329+01:00 | INFO  | Connecting to Exchange Online (device code flow)...
2026-01-24T16:47:07.3461089+01:00 | ERROR | Fatal error: Processing data from remote server outlook.office365.com failed with the following error message: The WinRM Shell client cannot process the request. The shell handle passed to the WSMan Shell function is not valid. The shell handle is valid only when WSManCreateShell function completes successfully. Change the request including a valid shell handle and try again. For more information, see the about_Remote_Troubleshooting Help topic.
2026-01-24T16:47:07.3701940+01:00 | ERROR | Stack trace: at Connect-ExchangeOnline<Process>, C:\Users\Adrian\Documents\WindowsPowerShell\Modules\ExchangeOnlineManagement\2.0.5\netCore\ExchangeOnlineManagement.psm1: line 475
at Invoke-Main, C:\Users\Adrian\Documents\Proaktiv-Dokument-Hub\backend\scripts\Set-TransportRuleSignature.ps1: line 192
at <ScriptBlock>, C:\Users\Adrian\Documents\Proaktiv-Dokument-Hub\backend\scripts\Set-TransportRuleSignature.ps1: line 286
at <ScriptBlock>, <No file>: line 1
